temp/xxnedtmp/event.log NEWFILE1
temp/xxnedtmp/text.log NEWFILE2
temp/xxnedtmp/environ.log NEWFILE3
\\applpark\technology\Electronics\InProcess\tools\npielect\GE_Library_16\AutoSetupFiles\SITE\cdssetup/concept/concepthdl.scr FILE4
C:\Cadence\SPB_16.3/share/cdssetup/concept/concepthdl.scr FILE5
.\cds.lib FILE6
temp/xxnedtmp/undo1.log NEWFILE7
\\applpark\technology\Electronics\InProcess\tools\npielect\GE_Library_16\Components\standard\ge_c_size_page\sym_1\symbol.css FILE8
\\applpark\technology\Electronics\InProcess\tools\npielect\GE_Library_16\Components\standard\ge_c_size_page/images/GE_Logo5.bmp FILE9
\\applpark\technology\Electronics\InProcess\tools\npielect\GE_Library_16\Components\j_connector2fjumper\j_3_st\sym_1\symbol.css FILE10
temp/xxnedtmp/concept.mkr NEWFILE11
C:/Cadence/SPB_16.3/tools/language/pack_type_rename.dat NEWFILE12
temp/xxnedtmp/../j_3_st.mkr NEWFILE13
temp/xxnedtmp/../ge_c_size_page.mkr NEWFILE14
D:\Misc\Janko\buttons\worklib\buttons\sch_1\page1.csb NEWFILE15
D:\Misc\Janko\buttons\worklib\buttons\sch_1\page1.csa NEWFILE16
D:\Misc\Janko\buttons\worklib\buttons\sch_1\page1.csv NEWFILE17
D:\Misc\Janko\buttons\worklib\buttons\sch_1\pc.db NEWFILE18
D:\Misc\Janko\buttons\worklib\buttons\sch_1\page1_csb.lck NEWFILE19
temp/xxnedtmp/netlister.mkr NEWFILE20
D:\Misc\Janko\buttons\worklib\buttons\packaged/pstback.dat FILE21
D:\Misc\Janko\buttons\worklib\buttons\sch_1\page1_csa.lck NEWFILE22
