(------------------------------------------------------------)
(                                                            )
(        Batch DRC Update                                    )
(                                                            )
(        Drawing          : axis64_24.brd                    )
(        Software Version : 15.2s138                         )
(        Date/Time        : Fri Jan 07 15:31:41 2011         )
(                                                            )
(------------------------------------------------------------)


 ..... batch DRC requested for all elements 

 ========= check shapes                       Fri Jan 07 15:31:41 2011
 ========= check standalone pins              Fri Jan 07 15:31:41 2011
 ========= check symbols (pins,lines,text)    Fri Jan 07 15:31:41 2011
 ========= check nets                         Fri Jan 07 15:31:41 2011
 ========= check standalone branches          Fri Jan 07 15:31:41 2011
 ========= check standalone filled rectangles Fri Jan 07 15:31:41 2011
 ========= check standalone lines             Fri Jan 07 15:31:41 2011
 ========= check standalone text              Fri Jan 07 15:31:41 2011
 ========= check standalone rectangles        Fri Jan 07 15:31:41 2011

 ..... Total number of DRC errors  710

 ..... end batch DRC at                       Fri Jan 07 15:31:41 2011
 *************************************************************************

