(------------------------------------------------------------)
(                                                            )
(                    NC DRILL LOG FILE                       )
(                                                            )
(        Drawing    : jankomid1_wcherry.brd                  )
(        Date/Time  : Wed Nov 24 10:38:37 2010               )
(                                                            )
(------------------------------------------------------------)



 Processing NC Parameters file ...

 NC PARAMETERS
 -------------

 FORMAT   		2.3
 MACHINE-OFFSET		x:0.000000	y:0.000000
 FEEDRATE		1
 COORDINATES		ABSOLUTE
 OUTPUT-UNITS		ENGLISH
 TOOL-ORDER		INCREASING
 REPEAT-CODES		YES
 SUPPRESS-LEAD-ZEROES	NO
 SUPPRESS-TRAIL-ZEROES	NO
 SUPPRESS-EQUAL		NO
 TOOL-SELECT		NO
 HEADER			none
 LEADER			12
 CODE			ASCII
 SEPARATE		NO
 OPTIMIZE_DRILLING	NO
 ENHANCED_EXCELLON	NO
 SCALE			1.000000



 Drill files being output to directory 'D:\MISC\JANKO\worklib\janko\physical' ...



     'jankosinglecherry-1-2.drl' created for holes connecting TOP and BOTTOM
     -----------------------------------------------------------------------

           Num     Size      +/- Tolerance     Plating   Quantity

            1.  38.0000    0.0000/  0.0000      PLATED         10
            2.  60.0000    0.0000/  0.0000      PLATED          2
            3.  67.0080    0.0000/  0.0000  NON_PLATED          2
            4. 125.0000    0.0000/  0.0000  NON_PLATED          2
            5. 157.0000    0.0000/  0.0000  NON_PLATED          1

     ---- Total holes:                                         17

     ---- Total head travel:              6.27 feet (1.91 meters)

