Cadence Design Systems, Inc. netrev 15.2 Thu Jan 06 16:25:36 2011
(C) Copyright 2002 Cadence Design Systems, Inc.

------ Directives ------

RIPUP_ETCH FALSE;
RIPUP_SYMBOLS ALWAYS;
MISSING SYMBOL AS ERROR FALSE;
SCHEMATIC_DIRECTORY 'D:\MISC\JANKO\worklib\janko\packaged';
BOARD_DIRECTORY '';
OLD_BOARD_NAME 'D:\MISC\JANKO\worklib\janko\physical\axis64_23.brd';
NEW_BOARD_NAME 'axis64_24.brd';

CmdLine: netrev -proj D:\MISC\JANKO\janko.cpm -5 -y 1 D:\MISC\JANKO\worklib\janko\physical\axis64_23.brd D:\MISC\JANKO\worklib\janko\physical\axis64_24.brd -$

------ Preparing to read pst files ------

Starting to read D:/MISC/JANKO/worklib/janko/packaged/pstchip.dat 
   Finished reading D:/MISC/JANKO/worklib/janko/packaged/pstchip.dat (00:00:00.03)
Starting to read D:/MISC/JANKO/worklib/janko/packaged/pstxprt.dat 
   Finished reading D:/MISC/JANKO/worklib/janko/packaged/pstxprt.dat (00:00:00.06)
Starting to read D:/MISC/JANKO/worklib/janko/packaged/pstxnet.dat 
   Finished reading D:/MISC/JANKO/worklib/janko/packaged/pstxnet.dat (00:00:00.04)

------ Oversights/Warnings/Errors ------


------ Library Paths ------
MODULEPATH =  . 

PSMPATH =  . 
           symbols 
           .. 
           ../symbols 
           \\BLDG35USERS1\GEAPPS/Technology/NPIElect/GE_Library/PCB_Lib/symbols 
           \\BLDG35USERS1\GEAPPS/Technology/NPIElect/GE_Library/PCB_Lib/Templates/PCB_Outlines 

PADPATH =  . 
           padstacks 
           .. 
           ../padstacks 
           \\BLDG35USERS1\GEAPPS/Technology/NPIElect/GE_Library/PCB_Lib/pad_stacks 


------ Summary Statistics ------


netrev run on Jan 6 16:25:36 2011
   DESIGN NAME : 'JANKO'
   PACKAGING ON 06-Jan-2011 AT 16:25:23

   COMPILE 'logic'
   CHECK_PIN_NAMES OFF
   CROSS_REFERENCE OFF
   DIRECTORIES  <none>
   FEEDBACK OFF
   INCREMENTAL OFF
   INTERFACE_TYPE PHYSICAL
   LIBRARIES  'janko_lib' 'standard' 'u_ic' 'r_resistor' 'j_connector2fjumper'
              'c_capacitor' 's_switch' 'd_diode'
   MASTER_LIBRARIES  <none>
   MAX_ERRORS 500
   MERGE_MINIMUM 5
   NET_NAME_CHARS '#%&()*+-./:=>?@[]^_`|'
   NET_NAME_LENGTH 24
   OVERSIGHTS ON
   REPLACE_CHECK OFF
   SINGLE_NODE_NETS ON
   SPLIT_MINIMUM 0
   SUPPRESS   20
   WARNINGS ON

 No error detected
 No oversight detected
 No warning detected

cpu time      0:05:09
elapsed time  0:00:02

