Thu Jan 06 14:15:27 2011				Page     1


 
Update Symbols/Modules Logfile
	Thu Jan 06 14:15:27 2011

------ Module Refresh Messages ------

------ End Module Messages     ------



Thu Jan 06 14:15:28 2011				Page     1

Cadence Design Systems, Inc.

Symbol Refresh Logfile

------ Symbol Refresh Directives ------

OLD_LAYOUT_NAME = '#Taaaaac01560.tmp';
NEW_LAYOUT_NAME = '';
REFRESH_MECHANICAL_SYMBOLS = 'NO';
REFRESH_FORMAT_SYMBOLS = 'NO';
REFRESH_PACKAGE_SYMBOLS = 'NO';
REFRESH_SHAPE_SYMBOLS = 'NO';
REFRESH_SYMBOL_PAD_STACKS = 'NO';
REFRESH_SYMBOL_TEXT_LOCATIONS = 'NO';
REFRESH_CUSTOM_DRILL_DATA = 'NO';
SYMBOL_LIST = 'D:\DOCUME~1\214016~1\LOCALS~1\Temp\#Taaaaae01560.tmp';


------ Library Paths ------
PSMPATH =  . 
           symbols 
           .. 
           ../symbols 
           \\BLDG35USERS1\GEAPPS/Technology/NPIElect/GE_Library/PCB_Lib/symbols 
           \\BLDG35USERS1\GEAPPS/Technology/NPIElect/GE_Library/PCB_Lib/Templates/PCB_Outlines 

PADPATH =  . 
           padstacks 
           .. 
           ../padstacks 
           \\BLDG35USERS1\GEAPPS/Technology/NPIElect/GE_Library/PCB_Lib/pad_stacks 


------ Symbol Refresh Messages ------

'MX1A'  symbol refreshed successfully.


----- Symbol Update Summary ----

Completed refreshing all symbols successfully.
