(---------------------------------------------------------------------)
(                                                                     )
(    ARTWORK LOG                                                      )
(                                                                     )
(    Drawing          : buttons7.brd                                  )
(    Software Version : 16.3S021                                      )
(    Date/Time        : Mon Oct 22 10:33:28 2012                      )
(                                                                     )
(---------------------------------------------------------------------)



 ******************************************
 WARNING: DRC OUT OF DATE on this layout.
 ******************************************

 ---- Photoplot outline rectangle not found ... using drawing extents



Results from parameter file ...
    DEVICE-TYPE           GERBER_RS274X
    OUTPUT-UNITS          INCHES
    FILM-SIZE             24000 16000
    FORMAT                5.3
    ABORT-ON-ERROR        NO
    SCALE                 1
    SUPPRESS-LEAD-ZEROES  YES
    SUPPRESS-TRAIL-ZEROES NO
    SUPPRESS-EQUAL        YES
    UNDEF-APT-CONT        NO

 WARNING: for raster artwork formats, artwork accuracy must be
  at least one place greater than the database accuracy, up
  to the maximum accuracy allowed by the selected output format.

  Increase the accuracy by increasing the "Decimal Places" in
  the FORMAT section of the artwork parameters and then rerun
  artwork.

  The current output is rounding down the data.  Failure to change
  the format may result in inaccurate arc coordinates in the output
  files and possible shape/void plotting failures.


================================================================
     PROCESSING FILM < BOTTOM >
     TO FILE < D:/Misc/Janko/buttons/worklib/buttons/physical/BOTTOM.art > ...
================================================================

  FILM PARAMETERS :
  ---------------------------------------------------------
  Undefined line width                10.000
  Mirror code                         NONE
  Rotate angle                        NONE
  Offset x:                           0.000
  Offset y:                           0.000
  Plot negative                       NO
  Suppress unconnected internal pads  NO

 WARNING: Photoplot window (34000 x 22000) exceeds film size (24000 x 16000)
          stated in parameter file. 

    WARNING: Film contains DRC error(s).


  APERTURES USED:
  ---------------------------------------------------------
  TYPE       SIZE/NAME                   ROT   MIRROR MODE 
  ---------------------------------------------------------
  CIRCLE     0.03000                                  DARK 
  CIRCLE     0.05000                                  DARK 
  CIRCLE     0.08000                                  DARK 
  SQUARE     0.08000                     0.000 NO     DARK 

     BOTTOM created with warnings


================================================================
     PROCESSING FILM < OUTLINE >
     TO FILE < D:/Misc/Janko/buttons/worklib/buttons/physical/OUTLINE.art > ...
================================================================

  FILM PARAMETERS :
  ---------------------------------------------------------
  Undefined line width                10.000
  Mirror code                         NONE
  Rotate angle                        NONE
  Offset x:                           0.000
  Offset y:                           0.000
  Plot negative                       NO
  Suppress unconnected internal pads  NO

 WARNING: Photoplot window (34000 x 22000) exceeds film size (24000 x 16000)
          stated in parameter file. 

    WARNING: 0 width line found at (10907.000 11253.716)
           ... using undefined line width of 10.000

    WARNING: Multiple 0 width lines; all will be treated the same as the first.
           ... using undefined line width of 10.000



  APERTURES USED:
  ---------------------------------------------------------
  TYPE       SIZE/NAME                   ROT   MIRROR MODE 
  ---------------------------------------------------------
  CIRCLE     0.01000                                  DARK 

     OUTLINE created with warnings


------------------------------------------------------
 SUMMARY:
        BOTTOM created with warnings
        OUTLINE created with warnings

 ARTWORK had warnings
